Determining if the pthread_create exist failed with the following output:
Change Dir: /home/pi/airdrop_ros/build/CMakeFiles/CMakeTmp

Run Build Command:"/usr/bin/make" "cmTC_38678/fast"
/usr/bin/make -f CMakeFiles/cmTC_38678.dir/build.make CMakeFiles/cmTC_38678.dir/build
make[1]: Entering directory '/home/pi/airdrop_ros/build/CMakeFiles/CMakeTmp'
Building C object CMakeFiles/cmTC_38678.dir/CheckSymbolExists.c.o
/usr/bin/cc     -o CMakeFiles/cmTC_38678.dir/CheckSymbolExists.c.o   -c /home/pi/airdrop_ros/build/CMakeFiles/CMakeTmp/CheckSymbolExists.c
Linking C executable cmTC_38678
/usr/bin/cmake -E cmake_link_script CMakeFiles/cmTC_38678.dir/link.txt --verbose=1
/usr/bin/cc       CMakeFiles/cmTC_38678.dir/CheckSymbolExists.c.o  -o cmTC_38678 -rdynamic 
CMakeFiles/cmTC_38678.dir/CheckSymbolExists.c.o: In function `main':
CheckSymbolExists.c:(.text+0x38): undefined reference to `pthread_create'
collect2: error: ld returned 1 exit status
CMakeFiles/cmTC_38678.dir/build.make:97: recipe for target 'cmTC_38678' failed
make[1]: *** [cmTC_38678] Error 1
make[1]: Leaving directory '/home/pi/airdrop_ros/build/CMakeFiles/CMakeTmp'
Makefile:126: recipe for target 'cmTC_38678/fast' failed
make: *** [cmTC_38678/fast] Error 2

File /home/pi/airdrop_ros/build/CMakeFiles/CMakeTmp/CheckSymbolExists.c:
/* */
#include <pthread.h>

int main(int argc, char** argv)
{
  (void)argv;
#ifndef pthread_create
  return ((int*)(&pthread_create))[argc];
#else
  (void)argc;
  return 0;
#endif
}

Determining if the function pthread_create exists in the pthreads failed with the following output:
Change Dir: /home/pi/airdrop_ros/build/CMakeFiles/CMakeTmp

Run Build Command:"/usr/bin/make" "cmTC_0920b/fast"
/usr/bin/make -f CMakeFiles/cmTC_0920b.dir/build.make CMakeFiles/cmTC_0920b.dir/build
make[1]: Entering directory '/home/pi/airdrop_ros/build/CMakeFiles/CMakeTmp'
Building C object CMakeFiles/cmTC_0920b.dir/CheckFunctionExists.c.o
/usr/bin/cc    -DCHECK_FUNCTION_EXISTS=pthread_create   -o CMakeFiles/cmTC_0920b.dir/CheckFunctionExists.c.o   -c /usr/share/cmake-3.7/Modules/CheckFunctionExists.c
Linking C executable cmTC_0920b
/usr/bin/cmake -E cmake_link_script CMakeFiles/cmTC_0920b.dir/link.txt --verbose=1
/usr/bin/cc   -DCHECK_FUNCTION_EXISTS=pthread_create    CMakeFiles/cmTC_0920b.dir/CheckFunctionExists.c.o  -o cmTC_0920b -rdynamic -lpthreads 
/usr/bin/ld: cannot find -lpthreads
collect2: error: ld returned 1 exit status
CMakeFiles/cmTC_0920b.dir/build.make:97: recipe for target 'cmTC_0920b' failed
make[1]: *** [cmTC_0920b] Error 1
make[1]: Leaving directory '/home/pi/airdrop_ros/build/CMakeFiles/CMakeTmp'
Makefile:126: recipe for target 'cmTC_0920b/fast' failed
make: *** [cmTC_0920b/fast] Error 2


